<?xml version="1.0" encoding="UTF-8"?>
<!-- Generated by org.testng.reporters.JUnitReportReporter -->
<testsuite hostname="LAPTOP-LIQ39GJJ" failures="0" tests="1" name="com.qa.test.MyClass" time="0.026" errors="0" timestamp="2024-03-17T18:02:32 IST" skipped="0">
  <testcase classname="com.qa.test.MyClass" name="myMethod" time="0.026"/>
</testsuite> <!-- com.qa.test.MyClass -->
