<?xml version="1.0" encoding="UTF-8"?>
<!-- Generated by org.testng.reporters.JUnitReportReporter -->
<testsuite hostname="LAPTOP-LIQ39GJJ" failures="0" tests="1" name="com.qa.test.NewTest" time="8.176" errors="0" timestamp="2024-03-13T14:39:56 IST" skipped="0">
  <testcase classname="com.qa.test.NewTest" name="EmptyPayment" time="8.176"/>
  <system-out/>
</testsuite> <!-- com.qa.test.NewTest -->
