<?xml version="1.0" encoding="UTF-8"?>
<!-- Generated by org.testng.reporters.JUnitReportReporter -->
<testsuite hostname="LAPTOP-LIQ39GJJ" failures="0" tests="1" name="com.qa.test.EmptyPaymentTest" time="9.296" errors="0" timestamp="2024-03-14T18:12:39 IST" skipped="0">
  <testcase classname="com.qa.test.EmptyPaymentTest" name="test2" time="9.296"/>
  <system-out/>
</testsuite> <!-- com.qa.test.EmptyPaymentTest -->
