<?xml version="1.0" encoding="UTF-8"?>
<!-- Generated by org.testng.reporters.JUnitReportReporter -->
<testsuite hostname="LAPTOP-LIQ39GJJ" failures="0" tests="1" name="com.qa.test.EmptyFieldsTest" time="9.224" errors="0" timestamp="2024-03-14T22:03:55 IST" skipped="0">
  <testcase classname="com.qa.test.EmptyFieldsTest" name="test3" time="9.224"/>
  <system-out/>
</testsuite> <!-- com.qa.test.EmptyFieldsTest -->
