<?xml version="1.0" encoding="UTF-8"?>
<!-- Generated by org.testng.reporters.JUnitReportReporter -->
<testsuite hostname="LAPTOP-LIQ39GJJ" failures="0" tests="2" name="com.qa.test.FlightReservationSystemTests" time="5.028" errors="0" timestamp="2024-03-13T14:11:58 IST" skipped="1">
  <testcase classname="com.qa.test.FlightReservationSystemTests" name="ValidFlightReservation" time="5.028"/>
  <system-out/>
  <testcase classname="com.qa.test.FlightReservationSystemTests" name="EmptyPayment">
    <skipped/>
  </testcase> <!-- EmptyPayment -->
  <system-out/>
</testsuite> <!-- com.qa.test.FlightReservationSystemTests -->
